Build started 30/09/2018 22:14:30.
     1>Project "C:\Users\Viks\Documents\Visual Studio 2010\Projects\st Data hal 13\pert2 hal 13 no2\pert2 hal 13 no2\pert2 hal 13 no2.vcxproj" on node 2 (build target(s)).
     1>PrepareForBuild:
         Creating directory "C:\Users\Viks\Documents\Visual Studio 2010\Projects\st Data hal 13\pert2 hal 13 no2\Debug\".
       InitializeBuildStatus:
         Creating "Debug\pert2 hal 13 no2.unsuccessfulbuild" because "AlwaysCreate" was specified.
       ClCompile:
         c:\Program Files (x86)\Microsoft Visual Studio 10.0\VC\bin\CL.exe /c /ZI /nologo /W3 /WX- /Od /Oy- /D WIN32 /D _DEBUG /D _CONSOLE /D _UNICODE /D UNICODE /Gm /EHsc /RTC1 /MDd /GS /fp:precise /Zc:wchar_t /Zc:forScope /Fo"Debug\\" /Fd"Debug\vc100.pdb" /Gd /TP /analyze- /errorReport:prompt "hal13-no2.cpp"
         hal13-no2.cpp
     1>c:\users\viks\documents\visual studio 2010\projects\st data hal 13\pert2 hal 13 no2\pert2 hal 13 no2\hal13-no2.cpp(37): warning C4996: 'getch': The POSIX name for this item is deprecated. Instead, use the ISO C++ conformant name: _getch. See online help for details.
                 c:\program files (x86)\microsoft visual studio 10.0\vc\include\conio.h(128) : see declaration of 'getch'
       ManifestResourceCompile:
         c:\Program Files (x86)\Microsoft SDKs\Windows\v7.0A\bin\rc.exe /nologo /fo"Debug\pert2 hal 13 no2.exe.embed.manifest.res" "Debug\pert2 hal 13 no2_manifest.rc" 
       Link:
         c:\Program Files (x86)\Microsoft Visual Studio 10.0\VC\bin\link.exe /ERRORREPORT:PROMPT /OUT:"C:\Users\Viks\Documents\Visual Studio 2010\Projects\st Data hal 13\pert2 hal 13 no2\Debug\pert2 hal 13 no2.exe" /INCREMENTAL /NOLOGO kernel32.lib user32.lib gdi32.lib winspool.lib comdlg32.lib advapi32.lib shell32.lib ole32.lib oleaut32.lib uuid.lib odbc32.lib odbccp32.lib /MANIFEST /ManifestFile:"Debug\pert2 hal 13 no2.exe.intermediate.manifest" /MANIFESTUAC:"level='asInvoker' uiAccess='false'" /DEBUG /PDB:"C:\Users\Viks\Documents\Visual Studio 2010\Projects\st Data hal 13\pert2 hal 13 no2\Debug\pert2 hal 13 no2.pdb" /SUBSYSTEM:CONSOLE /TLBID:1 /DYNAMICBASE /NXCOMPAT /IMPLIB:"C:\Users\Viks\Documents\Visual Studio 2010\Projects\st Data hal 13\pert2 hal 13 no2\Debug\pert2 hal 13 no2.lib" /MACHINE:X86 "Debug\pert2 hal 13 no2.exe.embed.manifest.res"
         "Debug\hal13-no2.obj"
       Manifest:
         c:\Program Files (x86)\Microsoft SDKs\Windows\v7.0A\bin\mt.exe /nologo /verbose /out:"Debug\pert2 hal 13 no2.exe.embed.manifest" /manifest "Debug\pert2 hal 13 no2.exe.intermediate.manifest"
         c:\Program Files (x86)\Microsoft SDKs\Windows\v7.0A\bin\rc.exe /nologo /fo"Debug\pert2 hal 13 no2.exe.embed.manifest.res" "Debug\pert2 hal 13 no2_manifest.rc" 
       LinkEmbedManifest:
         c:\Program Files (x86)\Microsoft Visual Studio 10.0\VC\bin\link.exe /ERRORREPORT:PROMPT /OUT:"C:\Users\Viks\Documents\Visual Studio 2010\Projects\st Data hal 13\pert2 hal 13 no2\Debug\pert2 hal 13 no2.exe" /INCREMENTAL /NOLOGO kernel32.lib user32.lib gdi32.lib winspool.lib comdlg32.lib advapi32.lib shell32.lib ole32.lib oleaut32.lib uuid.lib odbc32.lib odbccp32.lib /MANIFEST /ManifestFile:"Debug\pert2 hal 13 no2.exe.intermediate.manifest" /MANIFESTUAC:"level='asInvoker' uiAccess='false'" /DEBUG /PDB:"C:\Users\Viks\Documents\Visual Studio 2010\Projects\st Data hal 13\pert2 hal 13 no2\Debug\pert2 hal 13 no2.pdb" /SUBSYSTEM:CONSOLE /TLBID:1 /DYNAMICBASE /NXCOMPAT /IMPLIB:"C:\Users\Viks\Documents\Visual Studio 2010\Projects\st Data hal 13\pert2 hal 13 no2\Debug\pert2 hal 13 no2.lib" /MACHINE:X86 "Debug\pert2 hal 13 no2.exe.embed.manifest.res"
         "Debug\hal13-no2.obj"
         pert2 hal 13 no2.vcxproj -> C:\Users\Viks\Documents\Visual Studio 2010\Projects\st Data hal 13\pert2 hal 13 no2\Debug\pert2 hal 13 no2.exe
       FinalizeBuildStatus:
         Deleting file "Debug\pert2 hal 13 no2.unsuccessfulbuild".
         Touching "Debug\pert2 hal 13 no2.lastbuildstate".
     1>Done Building Project "C:\Users\Viks\Documents\Visual Studio 2010\Projects\st Data hal 13\pert2 hal 13 no2\pert2 hal 13 no2\pert2 hal 13 no2.vcxproj" (build target(s)).

Build succeeded.

Time Elapsed 00:00:03.92
