Build started 01/10/2018 00:37:43.
     1>Project "C:\Users\Viks\Documents\Visual Studio 2010\Projects\st Data hal 13\pert2 hal 13 no3\pert2 hal 13 no3\pert2 hal 13 no3.vcxproj" on node 2 (build target(s)).
     1>InitializeBuildStatus:
         Creating "Debug\pert2 hal 13 no3.unsuccessfulbuild" because "AlwaysCreate" was specified.
       ClCompile:
         c:\Program Files (x86)\Microsoft Visual Studio 10.0\VC\bin\CL.exe /c /ZI /nologo /W3 /WX- /Od /Oy- /D WIN32 /D _DEBUG /D _CONSOLE /D _UNICODE /D UNICODE /Gm /EHsc /RTC1 /MDd /GS /fp:precise /Zc:wchar_t /Zc:forScope /Fo"Debug\\" /Fd"Debug\vc100.pdb" /Gd /TP /analyze- /errorReport:prompt main.cpp
         main.cpp
     1>c:\users\viks\documents\visual studio 2010\projects\st data hal 13\pert2 hal 13 no3\pert2 hal 13 no3\main.cpp(16): warning C4996: 'getch': The POSIX name for this item is deprecated. Instead, use the ISO C++ conformant name: _getch. See online help for details.
                 c:\program files (x86)\microsoft visual studio 10.0\vc\include\conio.h(128) : see declaration of 'getch'
       ManifestResourceCompile:
         All outputs are up-to-date.
       Link:
         c:\Program Files (x86)\Microsoft Visual Studio 10.0\VC\bin\link.exe /ERRORREPORT:PROMPT /OUT:"C:\Users\Viks\Documents\Visual Studio 2010\Projects\st Data hal 13\pert2 hal 13 no3\Debug\pert2 hal 13 no3.exe" /INCREMENTAL /NOLOGO kernel32.lib user32.lib gdi32.lib winspool.lib comdlg32.lib advapi32.lib shell32.lib ole32.lib oleaut32.lib uuid.lib odbc32.lib odbccp32.lib /MANIFEST /ManifestFile:"Debug\pert2 hal 13 no3.exe.intermediate.manifest" /MANIFESTUAC:"level='asInvoker' uiAccess='false'" /DEBUG /PDB:"C:\Users\Viks\Documents\Visual Studio 2010\Projects\st Data hal 13\pert2 hal 13 no3\Debug\pert2 hal 13 no3.pdb" /SUBSYSTEM:CONSOLE /TLBID:1 /DYNAMICBASE /NXCOMPAT /IMPLIB:"C:\Users\Viks\Documents\Visual Studio 2010\Projects\st Data hal 13\pert2 hal 13 no3\Debug\pert2 hal 13 no3.lib" /MACHINE:X86 "Debug\pert2 hal 13 no3.exe.embed.manifest.res"
         Debug\main.obj
       Manifest:
         c:\Program Files (x86)\Microsoft SDKs\Windows\v7.0A\bin\mt.exe /nologo /verbose /out:"Debug\pert2 hal 13 no3.exe.embed.manifest" /manifest "Debug\pert2 hal 13 no3.exe.intermediate.manifest"
         All outputs are up-to-date.
       LinkEmbedManifest:
         All outputs are up-to-date.
         pert2 hal 13 no3.vcxproj -> C:\Users\Viks\Documents\Visual Studio 2010\Projects\st Data hal 13\pert2 hal 13 no3\Debug\pert2 hal 13 no3.exe
       FinalizeBuildStatus:
         Deleting file "Debug\pert2 hal 13 no3.unsuccessfulbuild".
         Touching "Debug\pert2 hal 13 no3.lastbuildstate".
     1>Done Building Project "C:\Users\Viks\Documents\Visual Studio 2010\Projects\st Data hal 13\pert2 hal 13 no3\pert2 hal 13 no3\pert2 hal 13 no3.vcxproj" (build target(s)).

Build succeeded.

Time Elapsed 00:00:01.61
